\BOOKMARK [1][-]{section*.1}{\376\377\000C\000o\000u\000r\000s\000e\000\040\000D\000e\000s\000c\000r\000i\000p\000t\000i\000o\000n}{}% 1
\BOOKMARK [1][-]{section*.2}{\376\377\000C\000o\000u\000r\000s\000e\000\040\000L\000e\000a\000r\000n\000i\000n\000g\000\040\000G\000o\000a\000l\000s}{}% 2
\BOOKMARK [1][-]{section*.3}{\376\377\000P\000r\000e\000r\000e\000q\000u\000i\000s\000i\000t\000e\000\040\000R\000e\000q\000u\000i\000r\000e\000m\000e\000n\000t\000s}{}% 3
\BOOKMARK [1][-]{section*.4}{\376\377\000R\000e\000q\000u\000i\000r\000e\000d\000\040\000S\000o\000f\000t\000w\000a\000r\000e}{}% 4
\BOOKMARK [1][-]{section*.5}{\376\377\000C\000o\000u\000r\000s\000e\000\040\000S\000t\000r\000u\000c\000t\000u\000r\000e\000\040\000a\000n\000d\000\040\000A\000p\000p\000r\000o\000a\000c\000h}{}% 5
\BOOKMARK [2][-]{subsection*.6}{\376\377\000C\000o\000u\000r\000s\000e\000\040\000S\000t\000r\000u\000c\000t\000u\000r\000e}{section*.5}% 6
\BOOKMARK [2][-]{subsection*.7}{\376\377\000A\000p\000p\000r\000o\000a\000c\000h\000\040\000t\000o\000\040\000L\000e\000a\000r\000n\000i\000n\000g\000\040\000R}{section*.5}% 7
\BOOKMARK [2][-]{subsection*.8}{\376\377\000D\000a\000t\000a\000\040\000C\000o\000m\000m\000u\000n\000i\000t\000y}{section*.5}% 8
\BOOKMARK [1][-]{section*.9}{\376\377\000A\000s\000s\000i\000g\000n\000m\000e\000n\000t\000s\000,\000\040\000G\000r\000a\000d\000i\000n\000g\000\040\000a\000n\000d\000\040\000C\000o\000u\000r\000s\000e\000\040\000R\000e\000q\000u\000i\000r\000e\000m\000e\000n\000t\000s}{}% 9
\BOOKMARK [2][-]{subsection*.10}{\376\377\000F\000o\000u\000r\000\040\000W\000e\000e\000k\000l\000y\000\040\000A\000s\000s\000i\000g\000n\000m\000e\000n\000t\000s\000\040\000\050\000D\000a\000t\000a\000\040\000M\000e\000m\000o\000s\000\051\000\040\000\050\0004\0000\000\045\000\040\000-\000\040\0004\000\040\000x\000\040\0001\0000\000\051}{section*.9}% 10
\BOOKMARK [2][-]{subsection*.11}{\376\377\000I\000n\000d\000i\000v\000i\000d\000u\000a\000l\000\040\000S\000t\000u\000d\000e\000n\000t\000\040\000P\000r\000o\000j\000e\000c\000t\000s\000\040\000a\000n\000d\000\040\000R\000e\000q\000u\000i\000r\000e\000d\000\040\000M\000e\000e\000t\000i\000n\000g\000s\000\040\000\050\0005\0000\000\045\000\051}{section*.9}% 11
\BOOKMARK [2][-]{subsection*.12}{\376\377\000A\000t\000t\000e\000n\000d\000a\000n\000c\000e\000\040\000a\000n\000d\000\040\000P\000a\000r\000t\000i\000c\000i\000p\000a\000t\000i\000o\000n\000\040\000\050\0001\0000\000\045\000\051}{section*.9}% 12
\BOOKMARK [1][-]{section*.13}{\376\377\000C\000o\000u\000r\000s\000e\000\040\000P\000o\000l\000i\000c\000i\000e\000s}{}% 13
\BOOKMARK [2][-]{subsection*.14}{\376\377\000V\000i\000r\000t\000u\000a\000l\000\040\000C\000l\000a\000s\000s\000r\000o\000o\000m\000\040\000E\000n\000v\000i\000r\000o\000n\000m\000e\000n\000t}{section*.13}% 14
\BOOKMARK [2][-]{subsection*.15}{\376\377\000T\000o\000w\000a\000r\000d\000s\000\040\000a\000n\000\040\000A\000n\000t\000i\000-\000R\000a\000c\000i\000s\000t\000\040\000L\000e\000a\000r\000n\000i\000n\000g\000\040\000E\000x\000p\000e\000r\000i\000e\000n\000c\000e}{section*.13}% 15
\BOOKMARK [2][-]{subsection*.16}{\376\377\000T\000e\000a\000c\000h\000i\000n\000g\000\040\000T\000e\000a\000m\000\040\000C\000o\000m\000m\000u\000n\000i\000c\000a\000t\000i\000o\000n\000\040\000a\000n\000d\000\040\000S\000t\000u\000d\000e\000n\000t\000\040\000S\000u\000p\000p\000o\000r\000t}{section*.13}% 16
\BOOKMARK [2][-]{subsection*.17}{\376\377\000A\000c\000a\000d\000e\000m\000i\000c\000\040\000I\000n\000t\000e\000g\000r\000i\000t\000y}{section*.13}% 17
\BOOKMARK [2][-]{subsection*.18}{\376\377\000D\000i\000s\000a\000b\000i\000l\000i\000t\000y\000\040\000A\000c\000c\000o\000m\000o\000d\000a\000t\000i\000o\000n\000s}{section*.13}% 18
\BOOKMARK [1][-]{section*.19}{\376\377\000C\000o\000u\000r\000s\000e\000\040\000S\000c\000h\000e\000d\000u\000l\000e}{}% 19
\BOOKMARK [2][-]{subsection*.20}{\376\377\000W\000e\000e\000k\000\040\0001\000,\000\040\0009\000/\0008\000/\0002\0000\0002\0000\000:\000\040\000I\000n\000t\000r\000o\000d\000u\000c\000t\000i\000o\000n\000,\000\040\000R\000\040\000B\000a\000s\000i\000c\000s\000\040\000a\000n\000d\000\040\000W\000o\000r\000k\000f\000l\000o\000w}{section*.19}% 20
\BOOKMARK [2][-]{subsection*.21}{\376\377\000W\000e\000e\000k\000\040\0002\000,\000\040\0009\000/\0001\0005\000/\0002\0000\0002\0000\000:\000\040\000D\000a\000t\000a\000\040\000T\000y\000p\000e\000s\000\040\000a\000n\000d\000\040\000S\000t\000r\000u\000c\000t\000u\000r\000e\000s\000,\000\040\000R\000\040\000M\000a\000r\000k\000d\000o\000w\000n\000,\000\040\000I\000n\000t\000r\000o\000d\000u\000c\000t\000i\000o\000n\000\040\000t\000o\000\040\000T\000i\000d\000y\000v\000e\000r\000s\000e}{section*.19}% 21
\BOOKMARK [2][-]{subsection*.22}{\376\377\000W\000e\000e\000k\000\040\0003\000,\000\040\0009\000/\0002\0002\000/\0002\0000\0002\0000\000:\000\040\000D\000a\000t\000a\000\040\000A\000n\000a\000l\000y\000s\000i\000s\000\040\0001\000:\000\040\000D\000a\000t\000a\000\040\000C\000l\000e\000a\000n\000i\000n\000g\000\040\000a\000n\000d\000\040\000M\000a\000n\000i\000p\000u\000l\000a\000t\000i\000o\000n}{section*.19}% 22
\BOOKMARK [2][-]{subsection*.23}{\376\377\000W\000e\000e\000k\000\040\0004\000,\000\040\0009\000/\0002\0009\000/\0002\0000\0002\0000\000:\000\040\000D\000a\000t\000a\000\040\000A\000n\000a\000l\000y\000s\000i\000s\000\040\0002\000:\000\040\000D\000a\000t\000a\000\040\000S\000t\000r\000u\000c\000t\000u\000r\000e\000,\000\040\000A\000g\000g\000r\000e\000g\000a\000t\000i\000o\000n\000\040\000a\000n\000d\000\040\000R\000e\000s\000e\000a\000r\000c\000h\000\040\000D\000e\000s\000i\000g\000n}{section*.19}% 23
\BOOKMARK [2][-]{subsection*.24}{\376\377\000W\000e\000e\000k\000\040\0005\000,\000\040\0001\0000\000/\0006\000/\0002\0000\0002\0000\000:\000\040\000R\000e\000a\000d\000i\000n\000g\000\040\000i\000n\000\040\000D\000a\000t\000a\000,\000\040\000S\000u\000r\000v\000e\000y\000\040\000D\000a\000t\000a\000\040\000a\000n\000d\000\040\000W\000e\000i\000g\000h\000t\000i\000n\000g}{section*.19}% 24
\BOOKMARK [2][-]{subsection*.25}{\376\377\000W\000e\000e\000k\000\040\0006\000,\000\040\0001\0000\000/\0001\0003\000/\0002\0000\0002\0000\000:\000\040\000E\000x\000p\000l\000o\000r\000a\000t\000o\000r\000y\000\040\000D\000a\000t\000a\000\040\000A\000n\000a\000l\000y\000s\000i\000s\000\040\000T\000o\000o\000l\000s}{section*.19}% 25
\BOOKMARK [2][-]{subsection*.26}{\376\377\000W\000e\000e\000k\000\040\0007\000,\000\040\0001\0000\000/\0002\0000\000/\0002\0000\0002\0000\000:\000\040\000P\000a\000n\000e\000l\000\040\000D\000a\000t\000a\000\040\000M\000e\000t\000h\000o\000d\000s}{section*.19}% 26
\BOOKMARK [2][-]{subsection*.27}{\376\377\000W\000e\000e\000k\000\040\0008\000,\000\040\0001\0000\000/\0002\0007\000/\0002\0000\0002\0000\000:\000\040\000W\000o\000r\000k\000i\000n\000g\000\040\000w\000i\000t\000h\000\040\000S\000t\000r\000i\000n\000g\000\040\000a\000n\000d\000\040\000D\000a\000t\000e\000/\000T\000i\000m\000e\000\040\000V\000a\000r\000i\000a\000b\000l\000e\000s}{section*.19}% 27
\BOOKMARK [2][-]{subsection*.28}{\376\377\000W\000e\000e\000k\000\040\0009\000,\000\040\0001\0001\000/\0003\000/\0002\0000\0002\0000\000:\000\040\000N\000O\000\040\000C\000L\000A\000S\000S\000\040\000-\000\040\000E\000L\000E\000C\000T\000I\000O\000N\000\040\000D\000A\000Y}{section*.19}% 28
\BOOKMARK [2][-]{subsection*.29}{\376\377\000W\000e\000e\000k\000\040\0001\0000\000,\000\040\0001\0001\000/\0001\0000\000/\0002\0000\0002\0000\000:\000\040\000L\000o\000o\000p\000i\000n\000g}{section*.19}% 29
\BOOKMARK [2][-]{subsection*.30}{\376\377\000W\000e\000e\000k\000\040\0001\0001\000,\000\040\0001\0001\000/\0001\0007\000/\0002\0000\0002\0000\000:\000\040\000M\000a\000p\000p\000i\000n\000g\000\040\000w\000i\000t\000h\000\040\000R}{section*.19}% 30
\BOOKMARK [2][-]{subsection*.31}{\376\377\000W\000e\000e\000k\000\040\0001\0002\000,\000\040\0001\0001\000/\0002\0004\000/\0002\0000\0002\0000\000:\000\040\000D\000a\000t\000a\000\040\000V\000i\000s\000u\000a\000l\000i\000z\000a\000t\000i\000o\000n\000\040\000P\000r\000i\000n\000c\000i\000p\000l\000e\000s\000\040\000a\000n\000d\000\040\000D\000a\000t\000a\000\040\000P\000r\000o\000j\000e\000c\000t\000\040\000W\000o\000r\000k\000s\000h\000o\000p}{section*.19}% 31
\BOOKMARK [2][-]{subsection*.32}{\376\377\000W\000e\000e\000k\000\040\0001\0003\000,\000\040\0001\0002\000/\0000\0001\000/\0002\0000\0002\0000\000:\000\040\000F\000i\000n\000a\000l\000\040\000P\000r\000e\000s\000e\000n\000t\000a\000t\000i\000o\000n\000s}{section*.19}% 32
\BOOKMARK [2][-]{subsection*.33}{\376\377\000W\000e\000e\000k\000\040\0001\0004\000,\000\040\0001\0002\000/\0000\0008\000/\0002\0000\0002\0000\000:\000\040\000F\000i\000n\000a\000l\000\040\000P\000r\000e\000s\000e\000n\000t\000a\000t\000i\000o\000n\000s}{section*.19}% 33
\BOOKMARK [2][-]{subsection*.34}{\376\377\000F\000i\000n\000a\000l\000\040\000p\000a\000p\000e\000r\000s\000\040\000d\000u\000e\000\040\0001\0002\000/\0001\0008\000/\0002\0000\0002\0000\000\040\000\050\000t\000e\000n\000t\000a\000t\000i\000v\000e\000\051}{section*.19}% 34
